  OCRIDCard.cpp
e:\projects\ocrdemo\3rdparty\tesseract4.0\include\leptonica\pix.h(241): warning C4305: “初始化”: 从“double”到“l_float32”截断
e:\projects\ocrdemo\3rdparty\tesseract4.0\include\leptonica\pix.h(243): warning C4305: “初始化”: 从“double”到“l_float32”截断
e:\projects\ocrdemo\ocrdemo\ocridcard.cpp(34): warning C4267: “参数”: 从“size_t”转换到“int”，可能丢失数据
e:\projects\ocrdemo\ocrdemo\ocridcard.cpp(40): warning C4267: “参数”: 从“size_t”转换到“int”，可能丢失数据
e:\projects\ocrdemo\ocrdemo\ocridcard.cpp(88): warning C4244: “初始化”: 从“double”转换到“int”，可能丢失数据
e:\projects\ocrdemo\ocrdemo\ocridcard.cpp(89): warning C4244: “初始化”: 从“double”转换到“int”，可能丢失数据
e:\projects\ocrdemo\ocrdemo\ocridcard.cpp(109): warning C4244: “=”: 从“double”转换到“int”，可能丢失数据
e:\projects\ocrdemo\ocrdemo\ocridcard.cpp(110): warning C4244: “=”: 从“double”转换到“int”，可能丢失数据
e:\projects\ocrdemo\ocrdemo\ocridcard.cpp(259): warning C4244: “=”: 从“float”转换到“int”，可能丢失数据
e:\projects\ocrdemo\ocrdemo\ocridcard.cpp(281): warning C4244: “=”: 从“float”转换到“int”，可能丢失数据
e:\projects\ocrdemo\ocrdemo\ocridcard.cpp(576): warning C4267: “=”: 从“size_t”转换到“int”，可能丢失数据
e:\projects\ocrdemo\ocrdemo\ocridcard.cpp(578): warning C4267: “=”: 从“size_t”转换到“int”，可能丢失数据
e:\projects\ocrdemo\ocrdemo\ocridcard.cpp(587): warning C4244: “=”: 从“double”转换到“int”，可能丢失数据
e:\projects\ocrdemo\ocrdemo\ocridcard.cpp(588): warning C4244: “=”: 从“double”转换到“int”，可能丢失数据
e:\projects\ocrdemo\ocrdemo\ocridcard.cpp(591): warning C4244: “=”: 从“float”转换到“int”，可能丢失数据
e:\projects\ocrdemo\ocrdemo\ocridcard.cpp(592): warning C4244: “=”: 从“float”转换到“int”，可能丢失数据
e:\projects\ocrdemo\ocrdemo\ocridcard.cpp(601): warning C4267: “=”: 从“size_t”转换到“int”，可能丢失数据
e:\projects\ocrdemo\ocrdemo\ocridcard.cpp(611): warning C4267: “=”: 从“size_t”转换到“int”，可能丢失数据
e:\projects\ocrdemo\ocrdemo\ocridcard.cpp(621): warning C4244: “=”: 从“double”转换到“int”，可能丢失数据
e:\projects\ocrdemo\ocrdemo\ocridcard.cpp(622): warning C4244: “=”: 从“double”转换到“int”，可能丢失数据
e:\projects\ocrdemo\ocrdemo\ocridcard.cpp(625): warning C4244: “=”: 从“float”转换到“int”，可能丢失数据
e:\projects\ocrdemo\ocrdemo\ocridcard.cpp(626): warning C4244: “=”: 从“float”转换到“int”，可能丢失数据
e:\projects\ocrdemo\ocrdemo\ocridcard.cpp(632): warning C4244: “初始化”: 从“double”转换到“int”，可能丢失数据
e:\projects\ocrdemo\ocrdemo\ocridcard.cpp(633): warning C4244: “初始化”: 从“double”转换到“int”，可能丢失数据
e:\projects\ocrdemo\ocrdemo\ocridcard.cpp(837): warning C4101: “img”: 未引用的局部变量
e:\projects\ocrdemo\ocrdemo\ocridcard.cpp(884): warning C4244: “初始化”: 从“double”转换到“int”，可能丢失数据
e:\projects\ocrdemo\ocrdemo\ocridcard.cpp(970): warning C4244: “参数”: 从“double”转换到“int”，可能丢失数据
e:\projects\ocrdemo\ocrdemo\ocridcard.cpp(976): warning C4244: “初始化”: 从“double”转换到“int”，可能丢失数据
e:\projects\ocrdemo\ocrdemo\ocridcard.cpp(1042): warning C4244: “参数”: 从“double”转换到“int”，可能丢失数据
e:\projects\ocrdemo\ocrdemo\ocridcard.cpp(1048): warning C4244: “初始化”: 从“double”转换到“int”，可能丢失数据
e:\projects\ocrdemo\ocrdemo\ocridcard.cpp(1115): warning C4101: “img”: 未引用的局部变量
e:\projects\ocrdemo\ocrdemo\ocridcard.cpp(1217): warning C4244: “=”: 从“double”转换到“int”，可能丢失数据
e:\projects\ocrdemo\ocrdemo\ocridcard.cpp(1231): warning C4244: “初始化”: 从“double”转换到“int”，可能丢失数据
e:\projects\ocrdemo\ocrdemo\ocridcard.cpp(1232): warning C4244: “初始化”: 从“double”转换到“int”，可能丢失数据
e:\projects\ocrdemo\ocrdemo\ocridcard.cpp(1233): warning C4244: “初始化”: 从“double”转换到“int”，可能丢失数据
e:\projects\ocrdemo\ocrdemo\ocridcard.cpp(1234): warning C4244: “初始化”: 从“double”转换到“int”，可能丢失数据
e:\projects\ocrdemo\ocrdemo\ocridcard.cpp(1296): warning C4267: “初始化”: 从“size_t”转换到“int”，可能丢失数据
e:\projects\ocrdemo\ocrdemo\ocridcard.cpp(1308): warning C4101: “refHeight”: 未引用的局部变量
e:\projects\ocrdemo\ocrdemo\ocridcard.cpp(1346): warning C4101: “img”: 未引用的局部变量
e:\projects\ocrdemo\ocrdemo\ocridcard.cpp(1432): warning C4101: “num”: 未引用的局部变量
  OCRDemo.vcxproj -> E:\Projects\OCRDemo\x64\Debug\OCRDemo.exe
