c:\users\shal\documents\visual studio 2015\projects\ocrdemo\ocrdemo\x64\debug\ocrdemo.pch
c:\users\shal\documents\visual studio 2015\projects\ocrdemo\ocrdemo\x64\debug\vc140.pdb
c:\users\shal\documents\visual studio 2015\projects\ocrdemo\ocrdemo\x64\debug\vc140.idb
c:\users\shal\documents\visual studio 2015\projects\ocrdemo\ocrdemo\x64\debug\stdafx.obj
c:\users\shal\documents\visual studio 2015\projects\ocrdemo\ocrdemo\x64\debug\ocrdemo.obj
c:\users\shal\documents\visual studio 2015\projects\ocrdemo\ocrdemo\x64\debug\ocrdemodlg.obj
c:\users\shal\documents\visual studio 2015\projects\ocrdemo\ocrdemo\x64\debug\ocridcard.obj
c:\users\shal\documents\visual studio 2015\projects\ocrdemo\ocrdemo\x64\debug\ocrdemo.res
c:\users\shal\documents\visual studio 2015\projects\ocrdemo\x64\debug\ocrdemo.pdb
c:\users\shal\documents\visual studio 2015\projects\ocrdemo\ocrdemo\x64\debug\ocrdemo.tlog\cl.command.1.tlog
c:\users\shal\documents\visual studio 2015\projects\ocrdemo\ocrdemo\x64\debug\ocrdemo.tlog\cl.read.1.tlog
c:\users\shal\documents\visual studio 2015\projects\ocrdemo\ocrdemo\x64\debug\ocrdemo.tlog\cl.write.1.tlog
c:\users\shal\documents\visual studio 2015\projects\ocrdemo\ocrdemo\x64\debug\ocrdemo.tlog\link-cvtres.read.1.tlog
c:\users\shal\documents\visual studio 2015\projects\ocrdemo\ocrdemo\x64\debug\ocrdemo.tlog\link-cvtres.write.1.tlog
c:\users\shal\documents\visual studio 2015\projects\ocrdemo\ocrdemo\x64\debug\ocrdemo.tlog\link-mt.read.1.tlog
c:\users\shal\documents\visual studio 2015\projects\ocrdemo\ocrdemo\x64\debug\ocrdemo.tlog\link-mt.write.1.tlog
c:\users\shal\documents\visual studio 2015\projects\ocrdemo\ocrdemo\x64\debug\ocrdemo.tlog\link-rc.read.1.tlog
c:\users\shal\documents\visual studio 2015\projects\ocrdemo\ocrdemo\x64\debug\ocrdemo.tlog\link-rc.write.1.tlog
c:\users\shal\documents\visual studio 2015\projects\ocrdemo\ocrdemo\x64\debug\ocrdemo.tlog\link.command.1.tlog
c:\users\shal\documents\visual studio 2015\projects\ocrdemo\ocrdemo\x64\debug\ocrdemo.tlog\link.read.1.tlog
c:\users\shal\documents\visual studio 2015\projects\ocrdemo\ocrdemo\x64\debug\ocrdemo.tlog\link.write.1.tlog
c:\users\shal\documents\visual studio 2015\projects\ocrdemo\ocrdemo\x64\debug\ocrdemo.tlog\rc.command.1.tlog
c:\users\shal\documents\visual studio 2015\projects\ocrdemo\ocrdemo\x64\debug\ocrdemo.tlog\rc.read.1.tlog
c:\users\shal\documents\visual studio 2015\projects\ocrdemo\ocrdemo\x64\debug\ocrdemo.tlog\rc.write.1.tlog
